<?xml version="1.0" encoding="UTF-8"?>
<testng-results skipped="0" failed="0" ignored="0" total="1" passed="1">
  <reporter-output>
  </reporter-output>
  <suite name="Default suite" duration-ms="22121" started-at="2019-10-12T09:40:41Z" finished-at="2019-10-12T09:41:03Z">
    <groups>
    </groups>
    <test name="Default test" duration-ms="22121" started-at="2019-10-12T09:40:41Z" finished-at="2019-10-12T09:41:03Z">
      <class name="acmepAccount.AcmepACLogin">
        <test-method status="PASS" signature="acmepLogin()[pri:0, instance:acmepAccount.AcmepACLogin@130161f7]" name="acmepLogin" duration-ms="22076" started-at="2019-10-12T09:40:41Z" finished-at="2019-10-12T09:41:03Z">
          <reporter-output>
          </reporter-output>
        </test-method> <!-- acmepLogin -->
      </class> <!-- acmepAccount.AcmepACLogin -->
    </test> <!-- Default test -->
  </suite> <!-- Default suite -->
</testng-results>
